  entry.cpp
  execution.cpp
  Ast.cpp
  Confusables.cpp
  Lexer.cpp
  Location.cpp
  Parser.cpp
  StringUtils.cpp
  TimeTrace.cpp
  BuiltinFolding.cpp
  Builtins.cpp
  BytecodeBuilder.cpp
  Compiler.cpp
  ConstantFolding.cpp
  CostModel.cpp
  lcode.cpp
  TableShape.cpp
  ValueTracking.cpp
  lapi.cpp
  laux.cpp
  Compiling...
  lbaselib.cpp
  lbitlib.cpp
  lbuiltins.cpp
  lcorolib.cpp
  ldblib.cpp
  ldebug.cpp
  ldo.cpp
  lfunc.cpp
  lgc.cpp
  lgcdebug.cpp
  linit.cpp
  lmathlib.cpp
  lmem.cpp
  lnumprint.cpp
  lobject.cpp
  loslib.cpp
  lperf.cpp
  lstate.cpp
  lstring.cpp
  lstrlib.cpp
  Compiling...
  ltable.cpp
  ltablib.cpp
  ltm.cpp
  ludata.cpp
  lutf8lib.cpp
  lvmexecute.cpp
  lvmload.cpp
  lvmutils.cpp
  main.cpp
  executor_module.cpp
  console_bypass.cpp
  memcheck_bypass.cpp
  custom_functions.cpp
  taskscheduler.cpp
  memory.cpp
  pattern_scan.cpp
  rand_gen.cpp
  Generating code
  Previous IPDB not found, fall back to full compilation.
  All 6308 functions were compiled because no usable IPDB/IOBJ from previous compilation was found.
  Finished generating code
  SimpleExecutor.vcxproj -> C:\Users\MrAdmin\Desktop\General Exploiting\Simple Executor git\Simple-Executor\Build\bin\SimpleExecutor.dll
